<?xml version="1.0" encoding="UTF-8"?>
<testsuite xmlns:xsi="http://www.w3.org/2001/XMLSchema-instance" xsi:noNamespaceSchemaLocation="https://maven.apache.org/surefire/maven-surefire-plugin/xsd/surefire-test-report-3.0.xsd" version="3.0" name="io.tesmon.TesmonEventClientTests" time="1.105" tests="6" errors="0" skipped="0" failures="0">
  <properties>
[...]
</properties>
  <testcase name="sendEvent_successful" classname="io.tesmon.TesmonEventClientTests" time="1.062">
    <system-err><![CDATA[SLF4J: Failed to load class "org.slf4j.impl.StaticLoggerBinder".
SLF4J: Defaulting to no-operation (NOP) logger implementation
SLF4J: See http://www.slf4j.org/codes.html#StaticLoggerBinder for further details.
]]></system-err>
  </testcase>
  <testcase name="sendEvent_badRequest" classname="io.tesmon.TesmonEventClientTests" time="0.016">
    <system-err><![CDATA[Failed to send event. HTTP status code: 400
]]></system-err>
  </testcase>
  <testcase name="sendEvent_internalServerError" classname="io.tesmon.TesmonEventClientTests" time="0.013">
    <system-err><![CDATA[Failed to send event. HTTP status code: 500
]]></system-err>
  </testcase>
  <testcase name="testDefaultConstructorWithNullBaseUrlVariable" classname="io.tesmon.TesmonEventClientTests" time="0.001"/>
  <testcase name="testDefaultConstructorWithEmptyBaseUrlVariable" classname="io.tesmon.TesmonEventClientTests" time="0"/>
  <testcase name="sendEvent_unexpectedResponse" classname="io.tesmon.TesmonEventClientTests" time="0.009">
    <system-err><![CDATA[Failed to send event. HTTP status code: 400
]]></system-err>
  </testcase>
</testsuite>